2020-05-15 08:13:40.806  INFO 27432 --- [main] com.app.tgdcc.TgdccApplicationTests      : Starting TgdccApplicationTests on DESKTOP-ANDREAS with PID 27432 (started by admin in C:\Users\admin\IdeaProjects\tgdcc)
2020-05-15 08:13:40.810  INFO 27432 --- [main] com.app.tgdcc.TgdccApplicationTests      : No active profile set, falling back to default profiles: default
2020-05-15 08:13:41.539  INFO 27432 --- [main] o.s.s.concurrent.ThreadPoolTaskExecutor  : Initializing ExecutorService 'applicationTaskExecutor'
2020-05-15 08:13:41.705  INFO 27432 --- [main] com.app.tgdcc.TgdccApplicationTests      : Started TgdccApplicationTests in 1.116 seconds (JVM running for 1.835)
2020-05-15 08:13:41.999  INFO 27432 --- [SpringContextShutdownHook] o.s.s.concurrent.ThreadPoolTaskExecutor  : Shutting down ExecutorService 'applicationTaskExecutor'
2020-05-15 08:21:04.655  INFO 11240 --- [main] com.app.tgdcc.TgdccApplicationTests      : Starting TgdccApplicationTests on DESKTOP-ANDREAS with PID 11240 (started by admin in C:\Users\admin\IdeaProjects\tgdcc)
2020-05-15 08:21:04.655  INFO 11240 --- [main] com.app.tgdcc.TgdccApplicationTests      : No active profile set, falling back to default profiles: default
2020-05-15 08:21:07.174  WARN 11240 --- [main] o.s.w.c.s.GenericWebApplicationContext   : Exception encountered during context initialization - cancelling refresh attempt: org.springframework.beans.factory.BeanCreationException: Error creating bean with name 'controller' defined in file [C:\Users\admin\IdeaProjects\tgdcc\target\classes\com\app\tgdcc\Controller.class]: Instantiation of bean failed; nested exception is org.springframework.beans.BeanInstantiationException: Failed to instantiate [com.app.tgdcc.Controller]: Constructor threw exception; nested exception is org.springframework.web.client.ResourceAccessException: I/O error on POST request for "http://localhost:8080/api/token": Connection refused: connect; nested exception is java.net.ConnectException: Connection refused: connect
2020-05-15 08:21:07.182  INFO 11240 --- [main] ConditionEvaluationReportLoggingListener : 

Error starting ApplicationContext. To display the conditions report re-run your application with 'debug' enabled.
2020-05-15 08:21:07.185 ERROR 11240 --- [main] o.s.boot.SpringApplication               : Application run failed

org.springframework.beans.factory.BeanCreationException: Error creating bean with name 'controller' defined in file [C:\Users\admin\IdeaProjects\tgdcc\target\classes\com\app\tgdcc\Controller.class]: Instantiation of bean failed; nested exception is org.springframework.beans.BeanInstantiationException: Failed to instantiate [com.app.tgdcc.Controller]: Constructor threw exception; nested exception is org.springframework.web.client.ResourceAccessException: I/O error on POST request for "http://localhost:8080/api/token": Connection refused: connect; nested exception is java.net.ConnectException: Connection refused: connect
	at org.springframework.beans.factory.support.AbstractAutowireCapableBeanFactory.instantiateBean(AbstractAutowireCapableBeanFactory.java:1320) ~[spring-beans-5.2.6.RELEASE.jar:5.2.6.RELEASE]
	at org.springframework.beans.factory.support.AbstractAutowireCapableBeanFactory.createBeanInstance(AbstractAutowireCapableBeanFactory.java:1214) ~[spring-beans-5.2.6.RELEASE.jar:5.2.6.RELEASE]
	at org.springframework.beans.factory.support.AbstractAutowireCapableBeanFactory.doCreateBean(AbstractAutowireCapableBeanFactory.java:557) ~[spring-beans-5.2.6.RELEASE.jar:5.2.6.RELEASE]
	at org.springframework.beans.factory.support.AbstractAutowireCapableBeanFactory.createBean(AbstractAutowireCapableBeanFactory.java:517) ~[spring-beans-5.2.6.RELEASE.jar:5.2.6.RELEASE]
	at org.springframework.beans.factory.support.AbstractBeanFactory.lambda$doGetBean$0(AbstractBeanFactory.java:323) ~[spring-beans-5.2.6.RELEASE.jar:5.2.6.RELEASE]
	at org.springframework.beans.factory.support.DefaultSingletonBeanRegistry.getSingleton(DefaultSingletonBeanRegistry.java:226) ~[spring-beans-5.2.6.RELEASE.jar:5.2.6.RELEASE]
	at org.springframework.beans.factory.support.AbstractBeanFactory.doGetBean(AbstractBeanFactory.java:321) ~[spring-beans-5.2.6.RELEASE.jar:5.2.6.RELEASE]
	at org.springframework.beans.factory.support.AbstractBeanFactory.getBean(AbstractBeanFactory.java:202) ~[spring-beans-5.2.6.RELEASE.jar:5.2.6.RELEASE]
	at org.springframework.beans.factory.support.DefaultListableBeanFactory.preInstantiateSingletons(DefaultListableBeanFactory.java:895) ~[spring-beans-5.2.6.RELEASE.jar:5.2.6.RELEASE]
	at org.springframework.context.support.AbstractApplicationContext.finishBeanFactoryInitialization(AbstractApplicationContext.java:878) ~[spring-context-5.2.6.RELEASE.jar:5.2.6.RELEASE]
	at org.springframework.context.support.AbstractApplicationContext.refresh(AbstractApplicationContext.java:550) ~[spring-context-5.2.6.RELEASE.jar:5.2.6.RELEASE]
	at org.springframework.boot.SpringApplication.refresh(SpringApplication.java:747) ~[spring-boot-2.2.7.RELEASE.jar:2.2.7.RELEASE]
	at org.springframework.boot.SpringApplication.refreshContext(SpringApplication.java:397) ~[spring-boot-2.2.7.RELEASE.jar:2.2.7.RELEASE]
	at org.springframework.boot.SpringApplication.run(SpringApplication.java:315) ~[spring-boot-2.2.7.RELEASE.jar:2.2.7.RELEASE]
	at org.springframework.boot.test.context.SpringBootContextLoader.loadContext(SpringBootContextLoader.java:124) ~[spring-boot-test-2.2.7.RELEASE.jar:2.2.7.RELEASE]
	at org.springframework.test.context.cache.DefaultCacheAwareContextLoaderDelegate.loadContextInternal(DefaultCacheAwareContextLoaderDelegate.java:99) ~[spring-test-5.2.6.RELEASE.jar:5.2.6.RELEASE]
	at org.springframework.test.context.cache.DefaultCacheAwareContextLoaderDelegate.loadContext(DefaultCacheAwareContextLoaderDelegate.java:124) ~[spring-test-5.2.6.RELEASE.jar:5.2.6.RELEASE]
	at org.springframework.test.context.support.DefaultTestContext.getApplicationContext(DefaultTestContext.java:123) ~[spring-test-5.2.6.RELEASE.jar:5.2.6.RELEASE]
	at org.springframework.test.context.web.ServletTestExecutionListener.setUpRequestContextIfNecessary(ServletTestExecutionListener.java:190) ~[spring-test-5.2.6.RELEASE.jar:5.2.6.RELEASE]
	at org.springframework.test.context.web.ServletTestExecutionListener.prepareTestInstance(ServletTestExecutionListener.java:132) ~[spring-test-5.2.6.RELEASE.jar:5.2.6.RELEASE]
	at org.springframework.test.context.TestContextManager.prepareTestInstance(TestContextManager.java:244) ~[spring-test-5.2.6.RELEASE.jar:5.2.6.RELEASE]
	at org.springframework.test.context.junit.jupiter.SpringExtension.postProcessTestInstance(SpringExtension.java:98) ~[spring-test-5.2.6.RELEASE.jar:5.2.6.RELEASE]
	at org.junit.jupiter.engine.descriptor.ClassBasedTestDescriptor.lambda$invokeTestInstancePostProcessors$5(ClassBasedTestDescriptor.java:337) ~[junit-jupiter-engine-5.5.2.jar:5.5.2]
	at org.junit.jupiter.engine.descriptor.ClassBasedTestDescriptor.executeAndMaskThrowable(ClassBasedTestDescriptor.java:342) ~[junit-jupiter-engine-5.5.2.jar:5.5.2]
	at org.junit.jupiter.engine.descriptor.ClassBasedTestDescriptor.lambda$invokeTestInstancePostProcessors$6(ClassBasedTestDescriptor.java:337) ~[junit-jupiter-engine-5.5.2.jar:5.5.2]
	at java.base/java.util.stream.ReferencePipeline$3$1.accept(ReferencePipeline.java:195) ~[na:na]
	at java.base/java.util.stream.ReferencePipeline$2$1.accept(ReferencePipeline.java:177) ~[na:na]
	at java.base/java.util.ArrayList$ArrayListSpliterator.forEachRemaining(ArrayList.java:1621) ~[na:na]
	at java.base/java.util.stream.AbstractPipeline.copyInto(AbstractPipeline.java:484) ~[na:na]
	at java.base/java.util.stream.AbstractPipeline.wrapAndCopyInto(AbstractPipeline.java:474) ~[na:na]
	at java.base/java.util.stream.StreamSpliterators$WrappingSpliterator.forEachRemaining(StreamSpliterators.java:312) ~[na:na]
	at java.base/java.util.stream.Streams$ConcatSpliterator.forEachRemaining(Streams.java:735) ~[na:na]
	at java.base/java.util.stream.Streams$ConcatSpliterator.forEachRemaining(Streams.java:734) ~[na:na]
	at java.base/java.util.stream.ReferencePipeline$Head.forEach(ReferencePipeline.java:658) ~[na:na]
	at org.junit.jupiter.engine.descriptor.ClassBasedTestDescriptor.invokeTestInstancePostProcessors(ClassBasedTestDescriptor.java:336) ~[junit-jupiter-engine-5.5.2.jar:5.5.2]
	at org.junit.jupiter.engine.descriptor.ClassBasedTestDescriptor.instantiateAndPostProcessTestInstance(ClassBasedTestDescriptor.java:259) ~[junit-jupiter-engine-5.5.2.jar:5.5.2]
	at org.junit.jupiter.engine.descriptor.ClassBasedTestDescriptor.lambda$testInstancesProvider$2(ClassBasedTestDescriptor.java:252) ~[junit-jupiter-engine-5.5.2.jar:5.5.2]
	at java.base/java.util.Optional.orElseGet(Optional.java:362) ~[na:na]
	at org.junit.jupiter.engine.descriptor.ClassBasedTestDescriptor.lambda$testInstancesProvider$3(ClassBasedTestDescriptor.java:251) ~[junit-jupiter-engine-5.5.2.jar:5.5.2]
	at org.junit.jupiter.engine.execution.TestInstancesProvider.getTestInstances(TestInstancesProvider.java:29) ~[junit-jupiter-engine-5.5.2.jar:5.5.2]
	at org.junit.jupiter.engine.descriptor.TestMethodTestDescriptor.lambda$prepare$0(TestMethodTestDescriptor.java:106) ~[junit-jupiter-engine-5.5.2.jar:5.5.2]
	at org.junit.platform.engine.support.hierarchical.ThrowableCollector.execute(ThrowableCollector.java:73) ~[junit-platform-engine-1.5.2.jar:1.5.2]
	at org.junit.jupiter.engine.descriptor.TestMethodTestDescriptor.prepare(TestMethodTestDescriptor.java:105) ~[junit-jupiter-engine-5.5.2.jar:5.5.2]
	at org.junit.jupiter.engine.descriptor.TestMethodTestDescriptor.prepare(TestMethodTestDescriptor.java:69) ~[junit-jupiter-engine-5.5.2.jar:5.5.2]
	at org.junit.platform.engine.support.hierarchical.NodeTestTask.lambda$prepare$1(NodeTestTask.java:107) ~[junit-platform-engine-1.5.2.jar:1.5.2]
	at org.junit.platform.engine.support.hierarchical.ThrowableCollector.execute(ThrowableCollector.java:73) ~[junit-platform-engine-1.5.2.jar:1.5.2]
	at org.junit.platform.engine.support.hierarchical.NodeTestTask.prepare(NodeTestTask.java:107) ~[junit-platform-engine-1.5.2.jar:1.5.2]
	at org.junit.platform.engine.support.hierarchical.NodeTestTask.execute(NodeTestTask.java:75) ~[junit-platform-engine-1.5.2.jar:1.5.2]
	at java.base/java.util.ArrayList.forEach(ArrayList.java:1507) ~[na:na]
	at org.junit.platform.engine.support.hierarchical.SameThreadHierarchicalTestExecutorService.invokeAll(SameThreadHierarchicalTestExecutorService.java:38) ~[junit-platform-engine-1.5.2.jar:1.5.2]
	at org.junit.platform.engine.support.hierarchical.NodeTestTask.lambda$executeRecursively$5(NodeTestTask.java:139) ~[junit-platform-engine-1.5.2.jar:1.5.2]
	at org.junit.platform.engine.support.hierarchical.ThrowableCollector.execute(ThrowableCollector.java:73) ~[junit-platform-engine-1.5.2.jar:1.5.2]
	at org.junit.platform.engine.support.hierarchical.NodeTestTask.lambda$executeRecursively$7(NodeTestTask.java:125) ~[junit-platform-engine-1.5.2.jar:1.5.2]
	at org.junit.platform.engine.support.hierarchical.Node.around(Node.java:135) ~[junit-platform-engine-1.5.2.jar:1.5.2]
	at org.junit.platform.engine.support.hierarchical.NodeTestTask.lambda$executeRecursively$8(NodeTestTask.java:123) ~[junit-platform-engine-1.5.2.jar:1.5.2]
	at org.junit.platform.engine.support.hierarchical.ThrowableCollector.execute(ThrowableCollector.java:73) ~[junit-platform-engine-1.5.2.jar:1.5.2]
	at org.junit.platform.engine.support.hierarchical.NodeTestTask.executeRecursively(NodeTestTask.java:122) ~[junit-platform-engine-1.5.2.jar:1.5.2]
	at org.junit.platform.engine.support.hierarchical.NodeTestTask.execute(NodeTestTask.java:80) ~[junit-platform-engine-1.5.2.jar:1.5.2]
	at java.base/java.util.ArrayList.forEach(ArrayList.java:1507) ~[na:na]
	at org.junit.platform.engine.support.hierarchical.SameThreadHierarchicalTestExecutorService.invokeAll(SameThreadHierarchicalTestExecutorService.java:38) ~[junit-platform-engine-1.5.2.jar:1.5.2]
	at org.junit.platform.engine.support.hierarchical.NodeTestTask.lambda$executeRecursively$5(NodeTestTask.java:139) ~[junit-platform-engine-1.5.2.jar:1.5.2]
	at org.junit.platform.engine.support.hierarchical.ThrowableCollector.execute(ThrowableCollector.java:73) ~[junit-platform-engine-1.5.2.jar:1.5.2]
	at org.junit.platform.engine.support.hierarchical.NodeTestTask.lambda$executeRecursively$7(NodeTestTask.java:125) ~[junit-platform-engine-1.5.2.jar:1.5.2]
	at org.junit.platform.engine.support.hierarchical.Node.around(Node.java:135) ~[junit-platform-engine-1.5.2.jar:1.5.2]
	at org.junit.platform.engine.support.hierarchical.NodeTestTask.lambda$executeRecursively$8(NodeTestTask.java:123) ~[junit-platform-engine-1.5.2.jar:1.5.2]
	at org.junit.platform.engine.support.hierarchical.ThrowableCollector.execute(ThrowableCollector.java:73) ~[junit-platform-engine-1.5.2.jar:1.5.2]
	at org.junit.platform.engine.support.hierarchical.NodeTestTask.executeRecursively(NodeTestTask.java:122) ~[junit-platform-engine-1.5.2.jar:1.5.2]
	at org.junit.platform.engine.support.hierarchical.NodeTestTask.execute(NodeTestTask.java:80) ~[junit-platform-engine-1.5.2.jar:1.5.2]
	at org.junit.platform.engine.support.hierarchical.SameThreadHierarchicalTestExecutorService.submit(SameThreadHierarchicalTestExecutorService.java:32) ~[junit-platform-engine-1.5.2.jar:1.5.2]
	at org.junit.platform.engine.support.hierarchical.HierarchicalTestExecutor.execute(HierarchicalTestExecutor.java:57) ~[junit-platform-engine-1.5.2.jar:1.5.2]
	at org.junit.platform.engine.support.hierarchical.HierarchicalTestEngine.execute(HierarchicalTestEngine.java:51) ~[junit-platform-engine-1.5.2.jar:1.5.2]
	at org.junit.platform.launcher.core.DefaultLauncher.execute(DefaultLauncher.java:220) ~[junit-platform-launcher-1.3.1.jar:1.3.1]
	at org.junit.platform.launcher.core.DefaultLauncher.lambda$execute$6(DefaultLauncher.java:188) ~[junit-platform-launcher-1.3.1.jar:1.3.1]
	at org.junit.platform.launcher.core.DefaultLauncher.withInterceptedStreams(DefaultLauncher.java:202) ~[junit-platform-launcher-1.3.1.jar:1.3.1]
	at org.junit.platform.launcher.core.DefaultLauncher.execute(DefaultLauncher.java:181) ~[junit-platform-launcher-1.3.1.jar:1.3.1]
	at org.junit.platform.launcher.core.DefaultLauncher.execute(DefaultLauncher.java:128) ~[junit-platform-launcher-1.3.1.jar:1.3.1]
	at org.apache.maven.surefire.junitplatform.JUnitPlatformProvider.invokeAllTests(JUnitPlatformProvider.java:150) ~[surefire-junit-platform-2.22.2.jar:2.22.2]
	at org.apache.maven.surefire.junitplatform.JUnitPlatformProvider.invoke(JUnitPlatformProvider.java:124) ~[surefire-junit-platform-2.22.2.jar:2.22.2]
	at org.apache.maven.surefire.booter.ForkedBooter.invokeProviderInSameClassLoader(ForkedBooter.java:384) ~[surefire-booter-2.22.2.jar:2.22.2]
	at org.apache.maven.surefire.booter.ForkedBooter.runSuitesInProcess(ForkedBooter.java:345) ~[surefire-booter-2.22.2.jar:2.22.2]
	at org.apache.maven.surefire.booter.ForkedBooter.execute(ForkedBooter.java:126) ~[surefire-booter-2.22.2.jar:2.22.2]
	at org.apache.maven.surefire.booter.ForkedBooter.main(ForkedBooter.java:418) ~[surefire-booter-2.22.2.jar:2.22.2]
Caused by: org.springframework.beans.BeanInstantiationException: Failed to instantiate [com.app.tgdcc.Controller]: Constructor threw exception; nested exception is org.springframework.web.client.ResourceAccessException: I/O error on POST request for "http://localhost:8080/api/token": Connection refused: connect; nested exception is java.net.ConnectException: Connection refused: connect
	at org.springframework.beans.BeanUtils.instantiateClass(BeanUtils.java:217) ~[spring-beans-5.2.6.RELEASE.jar:5.2.6.RELEASE]
	at org.springframework.beans.factory.support.SimpleInstantiationStrategy.instantiate(SimpleInstantiationStrategy.java:87) ~[spring-beans-5.2.6.RELEASE.jar:5.2.6.RELEASE]
	at org.springframework.beans.factory.support.AbstractAutowireCapableBeanFactory.instantiateBean(AbstractAutowireCapableBeanFactory.java:1312) ~[spring-beans-5.2.6.RELEASE.jar:5.2.6.RELEASE]
	... 81 common frames omitted
Caused by: org.springframework.web.client.ResourceAccessException: I/O error on POST request for "http://localhost:8080/api/token": Connection refused: connect; nested exception is java.net.ConnectException: Connection refused: connect
	at org.springframework.web.client.RestTemplate.doExecute(RestTemplate.java:748) ~[spring-web-5.2.6.RELEASE.jar:5.2.6.RELEASE]
	at org.springframework.web.client.RestTemplate.execute(RestTemplate.java:674) ~[spring-web-5.2.6.RELEASE.jar:5.2.6.RELEASE]
	at org.springframework.web.client.RestTemplate.postForObject(RestTemplate.java:418) ~[spring-web-5.2.6.RELEASE.jar:5.2.6.RELEASE]
	at com.app.tgdcc.restclient.LogInService.login(LogInService.java:39) ~[classes/:na]
	at com.app.tgdcc.Controller.<init>(Controller.java:19) ~[classes/:na]
	at java.base/jdk.internal.reflect.NativeConstructorAccessorImpl.newInstance0(Native Method) ~[na:na]
	at java.base/jdk.internal.reflect.NativeConstructorAccessorImpl.newInstance(NativeConstructorAccessorImpl.java:62) ~[na:na]
	at java.base/jdk.internal.reflect.DelegatingConstructorAccessorImpl.newInstance(DelegatingConstructorAccessorImpl.java:45) ~[na:na]
	at java.base/java.lang.reflect.Constructor.newInstanceWithCaller(Constructor.java:500) ~[na:na]
	at java.base/java.lang.reflect.Constructor.newInstance(Constructor.java:481) ~[na:na]
	at org.springframework.beans.BeanUtils.instantiateClass(BeanUtils.java:204) ~[spring-beans-5.2.6.RELEASE.jar:5.2.6.RELEASE]
	... 83 common frames omitted
Caused by: java.net.ConnectException: Connection refused: connect
	at java.base/sun.nio.ch.Net.connect0(Native Method) ~[na:na]
	at java.base/sun.nio.ch.Net.connect(Net.java:493) ~[na:na]
	at java.base/sun.nio.ch.Net.connect(Net.java:482) ~[na:na]
	at java.base/sun.nio.ch.NioSocketImpl.connect(NioSocketImpl.java:588) ~[na:na]
	at java.base/java.net.Socket.connect(Socket.java:603) ~[na:na]
	at java.base/java.net.Socket.connect(Socket.java:552) ~[na:na]
	at java.base/sun.net.NetworkClient.doConnect(NetworkClient.java:182) ~[na:na]
	at java.base/sun.net.www.http.HttpClient.openServer(HttpClient.java:474) ~[na:na]
	at java.base/sun.net.www.http.HttpClient.openServer(HttpClient.java:569) ~[na:na]
	at java.base/sun.net.www.http.HttpClient.<init>(HttpClient.java:242) ~[na:na]
	at java.base/sun.net.www.http.HttpClient.New(HttpClient.java:341) ~[na:na]
	at java.base/sun.net.www.http.HttpClient.New(HttpClient.java:362) ~[na:na]
	at java.base/sun.net.www.protocol.http.HttpURLConnection.getNewHttpClient(HttpURLConnection.java:1248) ~[na:na]
	at java.base/sun.net.www.protocol.http.HttpURLConnection.plainConnect0(HttpURLConnection.java:1187) ~[na:na]
	at java.base/sun.net.www.protocol.http.HttpURLConnection.plainConnect(HttpURLConnection.java:1081) ~[na:na]
	at java.base/sun.net.www.protocol.http.HttpURLConnection.connect(HttpURLConnection.java:1015) ~[na:na]
	at org.springframework.http.client.SimpleBufferingClientHttpRequest.executeInternal(SimpleBufferingClientHttpRequest.java:76) ~[spring-web-5.2.6.RELEASE.jar:5.2.6.RELEASE]
	at org.springframework.http.client.AbstractBufferingClientHttpRequest.executeInternal(AbstractBufferingClientHttpRequest.java:48) ~[spring-web-5.2.6.RELEASE.jar:5.2.6.RELEASE]
	at org.springframework.http.client.AbstractClientHttpRequest.execute(AbstractClientHttpRequest.java:53) ~[spring-web-5.2.6.RELEASE.jar:5.2.6.RELEASE]
	at org.springframework.web.client.RestTemplate.doExecute(RestTemplate.java:739) ~[spring-web-5.2.6.RELEASE.jar:5.2.6.RELEASE]
	... 93 common frames omitted

2020-05-15 08:21:07.187 ERROR 11240 --- [main] o.s.test.context.TestContextManager      : Caught exception while allowing TestExecutionListener [org.springframework.test.context.web.ServletTestExecutionListener@4066c471] to prepare test instance [com.app.tgdcc.TgdccApplicationTests@771cbb1a]

java.lang.IllegalStateException: Failed to load ApplicationContext
	at org.springframework.test.context.cache.DefaultCacheAwareContextLoaderDelegate.loadContext(DefaultCacheAwareContextLoaderDelegate.java:132) ~[spring-test-5.2.6.RELEASE.jar:5.2.6.RELEASE]
	at org.springframework.test.context.support.DefaultTestContext.getApplicationContext(DefaultTestContext.java:123) ~[spring-test-5.2.6.RELEASE.jar:5.2.6.RELEASE]
	at org.springframework.test.context.web.ServletTestExecutionListener.setUpRequestContextIfNecessary(ServletTestExecutionListener.java:190) ~[spring-test-5.2.6.RELEASE.jar:5.2.6.RELEASE]
	at org.springframework.test.context.web.ServletTestExecutionListener.prepareTestInstance(ServletTestExecutionListener.java:132) ~[spring-test-5.2.6.RELEASE.jar:5.2.6.RELEASE]
	at org.springframework.test.context.TestContextManager.prepareTestInstance(TestContextManager.java:244) ~[spring-test-5.2.6.RELEASE.jar:5.2.6.RELEASE]
	at org.springframework.test.context.junit.jupiter.SpringExtension.postProcessTestInstance(SpringExtension.java:98) ~[spring-test-5.2.6.RELEASE.jar:5.2.6.RELEASE]
	at org.junit.jupiter.engine.descriptor.ClassBasedTestDescriptor.lambda$invokeTestInstancePostProcessors$5(ClassBasedTestDescriptor.java:337) ~[junit-jupiter-engine-5.5.2.jar:5.5.2]
	at org.junit.jupiter.engine.descriptor.ClassBasedTestDescriptor.executeAndMaskThrowable(ClassBasedTestDescriptor.java:342) ~[junit-jupiter-engine-5.5.2.jar:5.5.2]
	at org.junit.jupiter.engine.descriptor.ClassBasedTestDescriptor.lambda$invokeTestInstancePostProcessors$6(ClassBasedTestDescriptor.java:337) ~[junit-jupiter-engine-5.5.2.jar:5.5.2]
	at java.base/java.util.stream.ReferencePipeline$3$1.accept(ReferencePipeline.java:195) ~[na:na]
	at java.base/java.util.stream.ReferencePipeline$2$1.accept(ReferencePipeline.java:177) ~[na:na]
	at java.base/java.util.ArrayList$ArrayListSpliterator.forEachRemaining(ArrayList.java:1621) ~[na:na]
	at java.base/java.util.stream.AbstractPipeline.copyInto(AbstractPipeline.java:484) ~[na:na]
	at java.base/java.util.stream.AbstractPipeline.wrapAndCopyInto(AbstractPipeline.java:474) ~[na:na]
	at java.base/java.util.stream.StreamSpliterators$WrappingSpliterator.forEachRemaining(StreamSpliterators.java:312) ~[na:na]
	at java.base/java.util.stream.Streams$ConcatSpliterator.forEachRemaining(Streams.java:735) ~[na:na]
	at java.base/java.util.stream.Streams$ConcatSpliterator.forEachRemaining(Streams.java:734) ~[na:na]
	at java.base/java.util.stream.ReferencePipeline$Head.forEach(ReferencePipeline.java:658) ~[na:na]
	at org.junit.jupiter.engine.descriptor.ClassBasedTestDescriptor.invokeTestInstancePostProcessors(ClassBasedTestDescriptor.java:336) ~[junit-jupiter-engine-5.5.2.jar:5.5.2]
	at org.junit.jupiter.engine.descriptor.ClassBasedTestDescriptor.instantiateAndPostProcessTestInstance(ClassBasedTestDescriptor.java:259) ~[junit-jupiter-engine-5.5.2.jar:5.5.2]
	at org.junit.jupiter.engine.descriptor.ClassBasedTestDescriptor.lambda$testInstancesProvider$2(ClassBasedTestDescriptor.java:252) ~[junit-jupiter-engine-5.5.2.jar:5.5.2]
	at java.base/java.util.Optional.orElseGet(Optional.java:362) ~[na:na]
	at org.junit.jupiter.engine.descriptor.ClassBasedTestDescriptor.lambda$testInstancesProvider$3(ClassBasedTestDescriptor.java:251) ~[junit-jupiter-engine-5.5.2.jar:5.5.2]
	at org.junit.jupiter.engine.execution.TestInstancesProvider.getTestInstances(TestInstancesProvider.java:29) ~[junit-jupiter-engine-5.5.2.jar:5.5.2]
	at org.junit.jupiter.engine.descriptor.TestMethodTestDescriptor.lambda$prepare$0(TestMethodTestDescriptor.java:106) ~[junit-jupiter-engine-5.5.2.jar:5.5.2]
	at org.junit.platform.engine.support.hierarchical.ThrowableCollector.execute(ThrowableCollector.java:73) ~[junit-platform-engine-1.5.2.jar:1.5.2]
	at org.junit.jupiter.engine.descriptor.TestMethodTestDescriptor.prepare(TestMethodTestDescriptor.java:105) ~[junit-jupiter-engine-5.5.2.jar:5.5.2]
	at org.junit.jupiter.engine.descriptor.TestMethodTestDescriptor.prepare(TestMethodTestDescriptor.java:69) ~[junit-jupiter-engine-5.5.2.jar:5.5.2]
	at org.junit.platform.engine.support.hierarchical.NodeTestTask.lambda$prepare$1(NodeTestTask.java:107) ~[junit-platform-engine-1.5.2.jar:1.5.2]
	at org.junit.platform.engine.support.hierarchical.ThrowableCollector.execute(ThrowableCollector.java:73) ~[junit-platform-engine-1.5.2.jar:1.5.2]
	at org.junit.platform.engine.support.hierarchical.NodeTestTask.prepare(NodeTestTask.java:107) ~[junit-platform-engine-1.5.2.jar:1.5.2]
	at org.junit.platform.engine.support.hierarchical.NodeTestTask.execute(NodeTestTask.java:75) ~[junit-platform-engine-1.5.2.jar:1.5.2]
	at java.base/java.util.ArrayList.forEach(ArrayList.java:1507) ~[na:na]
	at org.junit.platform.engine.support.hierarchical.SameThreadHierarchicalTestExecutorService.invokeAll(SameThreadHierarchicalTestExecutorService.java:38) ~[junit-platform-engine-1.5.2.jar:1.5.2]
	at org.junit.platform.engine.support.hierarchical.NodeTestTask.lambda$executeRecursively$5(NodeTestTask.java:139) ~[junit-platform-engine-1.5.2.jar:1.5.2]
	at org.junit.platform.engine.support.hierarchical.ThrowableCollector.execute(ThrowableCollector.java:73) ~[junit-platform-engine-1.5.2.jar:1.5.2]
	at org.junit.platform.engine.support.hierarchical.NodeTestTask.lambda$executeRecursively$7(NodeTestTask.java:125) ~[junit-platform-engine-1.5.2.jar:1.5.2]
	at org.junit.platform.engine.support.hierarchical.Node.around(Node.java:135) ~[junit-platform-engine-1.5.2.jar:1.5.2]
	at org.junit.platform.engine.support.hierarchical.NodeTestTask.lambda$executeRecursively$8(NodeTestTask.java:123) ~[junit-platform-engine-1.5.2.jar:1.5.2]
	at org.junit.platform.engine.support.hierarchical.ThrowableCollector.execute(ThrowableCollector.java:73) ~[junit-platform-engine-1.5.2.jar:1.5.2]
	at org.junit.platform.engine.support.hierarchical.NodeTestTask.executeRecursively(NodeTestTask.java:122) ~[junit-platform-engine-1.5.2.jar:1.5.2]
	at org.junit.platform.engine.support.hierarchical.NodeTestTask.execute(NodeTestTask.java:80) ~[junit-platform-engine-1.5.2.jar:1.5.2]
	at java.base/java.util.ArrayList.forEach(ArrayList.java:1507) ~[na:na]
	at org.junit.platform.engine.support.hierarchical.SameThreadHierarchicalTestExecutorService.invokeAll(SameThreadHierarchicalTestExecutorService.java:38) ~[junit-platform-engine-1.5.2.jar:1.5.2]
	at org.junit.platform.engine.support.hierarchical.NodeTestTask.lambda$executeRecursively$5(NodeTestTask.java:139) ~[junit-platform-engine-1.5.2.jar:1.5.2]
	at org.junit.platform.engine.support.hierarchical.ThrowableCollector.execute(ThrowableCollector.java:73) ~[junit-platform-engine-1.5.2.jar:1.5.2]
	at org.junit.platform.engine.support.hierarchical.NodeTestTask.lambda$executeRecursively$7(NodeTestTask.java:125) ~[junit-platform-engine-1.5.2.jar:1.5.2]
	at org.junit.platform.engine.support.hierarchical.Node.around(Node.java:135) ~[junit-platform-engine-1.5.2.jar:1.5.2]
	at org.junit.platform.engine.support.hierarchical.NodeTestTask.lambda$executeRecursively$8(NodeTestTask.java:123) ~[junit-platform-engine-1.5.2.jar:1.5.2]
	at org.junit.platform.engine.support.hierarchical.ThrowableCollector.execute(ThrowableCollector.java:73) ~[junit-platform-engine-1.5.2.jar:1.5.2]
	at org.junit.platform.engine.support.hierarchical.NodeTestTask.executeRecursively(NodeTestTask.java:122) ~[junit-platform-engine-1.5.2.jar:1.5.2]
	at org.junit.platform.engine.support.hierarchical.NodeTestTask.execute(NodeTestTask.java:80) ~[junit-platform-engine-1.5.2.jar:1.5.2]
	at org.junit.platform.engine.support.hierarchical.SameThreadHierarchicalTestExecutorService.submit(SameThreadHierarchicalTestExecutorService.java:32) ~[junit-platform-engine-1.5.2.jar:1.5.2]
	at org.junit.platform.engine.support.hierarchical.HierarchicalTestExecutor.execute(HierarchicalTestExecutor.java:57) ~[junit-platform-engine-1.5.2.jar:1.5.2]
	at org.junit.platform.engine.support.hierarchical.HierarchicalTestEngine.execute(HierarchicalTestEngine.java:51) ~[junit-platform-engine-1.5.2.jar:1.5.2]
	at org.junit.platform.launcher.core.DefaultLauncher.execute(DefaultLauncher.java:220) ~[junit-platform-launcher-1.3.1.jar:1.3.1]
	at org.junit.platform.launcher.core.DefaultLauncher.lambda$execute$6(DefaultLauncher.java:188) ~[junit-platform-launcher-1.3.1.jar:1.3.1]
	at org.junit.platform.launcher.core.DefaultLauncher.withInterceptedStreams(DefaultLauncher.java:202) ~[junit-platform-launcher-1.3.1.jar:1.3.1]
	at org.junit.platform.launcher.core.DefaultLauncher.execute(DefaultLauncher.java:181) ~[junit-platform-launcher-1.3.1.jar:1.3.1]
	at org.junit.platform.launcher.core.DefaultLauncher.execute(DefaultLauncher.java:128) ~[junit-platform-launcher-1.3.1.jar:1.3.1]
	at org.apache.maven.surefire.junitplatform.JUnitPlatformProvider.invokeAllTests(JUnitPlatformProvider.java:150) ~[surefire-junit-platform-2.22.2.jar:2.22.2]
	at org.apache.maven.surefire.junitplatform.JUnitPlatformProvider.invoke(JUnitPlatformProvider.java:124) ~[surefire-junit-platform-2.22.2.jar:2.22.2]
	at org.apache.maven.surefire.booter.ForkedBooter.invokeProviderInSameClassLoader(ForkedBooter.java:384) ~[surefire-booter-2.22.2.jar:2.22.2]
	at org.apache.maven.surefire.booter.ForkedBooter.runSuitesInProcess(ForkedBooter.java:345) ~[surefire-booter-2.22.2.jar:2.22.2]
	at org.apache.maven.surefire.booter.ForkedBooter.execute(ForkedBooter.java:126) ~[surefire-booter-2.22.2.jar:2.22.2]
	at org.apache.maven.surefire.booter.ForkedBooter.main(ForkedBooter.java:418) ~[surefire-booter-2.22.2.jar:2.22.2]
Caused by: org.springframework.beans.factory.BeanCreationException: Error creating bean with name 'controller' defined in file [C:\Users\admin\IdeaProjects\tgdcc\target\classes\com\app\tgdcc\Controller.class]: Instantiation of bean failed; nested exception is org.springframework.beans.BeanInstantiationException: Failed to instantiate [com.app.tgdcc.Controller]: Constructor threw exception; nested exception is org.springframework.web.client.ResourceAccessException: I/O error on POST request for "http://localhost:8080/api/token": Connection refused: connect; nested exception is java.net.ConnectException: Connection refused: connect
	at org.springframework.beans.factory.support.AbstractAutowireCapableBeanFactory.instantiateBean(AbstractAutowireCapableBeanFactory.java:1320) ~[spring-beans-5.2.6.RELEASE.jar:5.2.6.RELEASE]
	at org.springframework.beans.factory.support.AbstractAutowireCapableBeanFactory.createBeanInstance(AbstractAutowireCapableBeanFactory.java:1214) ~[spring-beans-5.2.6.RELEASE.jar:5.2.6.RELEASE]
	at org.springframework.beans.factory.support.AbstractAutowireCapableBeanFactory.doCreateBean(AbstractAutowireCapableBeanFactory.java:557) ~[spring-beans-5.2.6.RELEASE.jar:5.2.6.RELEASE]
	at org.springframework.beans.factory.support.AbstractAutowireCapableBeanFactory.createBean(AbstractAutowireCapableBeanFactory.java:517) ~[spring-beans-5.2.6.RELEASE.jar:5.2.6.RELEASE]
	at org.springframework.beans.factory.support.AbstractBeanFactory.lambda$doGetBean$0(AbstractBeanFactory.java:323) ~[spring-beans-5.2.6.RELEASE.jar:5.2.6.RELEASE]
	at org.springframework.beans.factory.support.DefaultSingletonBeanRegistry.getSingleton(DefaultSingletonBeanRegistry.java:226) ~[spring-beans-5.2.6.RELEASE.jar:5.2.6.RELEASE]
	at org.springframework.beans.factory.support.AbstractBeanFactory.doGetBean(AbstractBeanFactory.java:321) ~[spring-beans-5.2.6.RELEASE.jar:5.2.6.RELEASE]
	at org.springframework.beans.factory.support.AbstractBeanFactory.getBean(AbstractBeanFactory.java:202) ~[spring-beans-5.2.6.RELEASE.jar:5.2.6.RELEASE]
	at org.springframework.beans.factory.support.DefaultListableBeanFactory.preInstantiateSingletons(DefaultListableBeanFactory.java:895) ~[spring-beans-5.2.6.RELEASE.jar:5.2.6.RELEASE]
	at org.springframework.context.support.AbstractApplicationContext.finishBeanFactoryInitialization(AbstractApplicationContext.java:878) ~[spring-context-5.2.6.RELEASE.jar:5.2.6.RELEASE]
	at org.springframework.context.support.AbstractApplicationContext.refresh(AbstractApplicationContext.java:550) ~[spring-context-5.2.6.RELEASE.jar:5.2.6.RELEASE]
	at org.springframework.boot.SpringApplication.refresh(SpringApplication.java:747) ~[spring-boot-2.2.7.RELEASE.jar:2.2.7.RELEASE]
	at org.springframework.boot.SpringApplication.refreshContext(SpringApplication.java:397) ~[spring-boot-2.2.7.RELEASE.jar:2.2.7.RELEASE]
	at org.springframework.boot.SpringApplication.run(SpringApplication.java:315) ~[spring-boot-2.2.7.RELEASE.jar:2.2.7.RELEASE]
	at org.springframework.boot.test.context.SpringBootContextLoader.loadContext(SpringBootContextLoader.java:124) ~[spring-boot-test-2.2.7.RELEASE.jar:2.2.7.RELEASE]
	at org.springframework.test.context.cache.DefaultCacheAwareContextLoaderDelegate.loadContextInternal(DefaultCacheAwareContextLoaderDelegate.java:99) ~[spring-test-5.2.6.RELEASE.jar:5.2.6.RELEASE]
	at org.springframework.test.context.cache.DefaultCacheAwareContextLoaderDelegate.loadContext(DefaultCacheAwareContextLoaderDelegate.java:124) ~[spring-test-5.2.6.RELEASE.jar:5.2.6.RELEASE]
	... 65 common frames omitted
Caused by: org.springframework.beans.BeanInstantiationException: Failed to instantiate [com.app.tgdcc.Controller]: Constructor threw exception; nested exception is org.springframework.web.client.ResourceAccessException: I/O error on POST request for "http://localhost:8080/api/token": Connection refused: connect; nested exception is java.net.ConnectException: Connection refused: connect
	at org.springframework.beans.BeanUtils.instantiateClass(BeanUtils.java:217) ~[spring-beans-5.2.6.RELEASE.jar:5.2.6.RELEASE]
	at org.springframework.beans.factory.support.SimpleInstantiationStrategy.instantiate(SimpleInstantiationStrategy.java:87) ~[spring-beans-5.2.6.RELEASE.jar:5.2.6.RELEASE]
	at org.springframework.beans.factory.support.AbstractAutowireCapableBeanFactory.instantiateBean(AbstractAutowireCapableBeanFactory.java:1312) ~[spring-beans-5.2.6.RELEASE.jar:5.2.6.RELEASE]
	... 81 common frames omitted
Caused by: org.springframework.web.client.ResourceAccessException: I/O error on POST request for "http://localhost:8080/api/token": Connection refused: connect; nested exception is java.net.ConnectException: Connection refused: connect
	at org.springframework.web.client.RestTemplate.doExecute(RestTemplate.java:748) ~[spring-web-5.2.6.RELEASE.jar:5.2.6.RELEASE]
	at org.springframework.web.client.RestTemplate.execute(RestTemplate.java:674) ~[spring-web-5.2.6.RELEASE.jar:5.2.6.RELEASE]
	at org.springframework.web.client.RestTemplate.postForObject(RestTemplate.java:418) ~[spring-web-5.2.6.RELEASE.jar:5.2.6.RELEASE]
	at com.app.tgdcc.restclient.LogInService.login(LogInService.java:39) ~[classes/:na]
	at com.app.tgdcc.Controller.<init>(Controller.java:19) ~[classes/:na]
	at java.base/jdk.internal.reflect.NativeConstructorAccessorImpl.newInstance0(Native Method) ~[na:na]
	at java.base/jdk.internal.reflect.NativeConstructorAccessorImpl.newInstance(NativeConstructorAccessorImpl.java:62) ~[na:na]
	at java.base/jdk.internal.reflect.DelegatingConstructorAccessorImpl.newInstance(DelegatingConstructorAccessorImpl.java:45) ~[na:na]
	at java.base/java.lang.reflect.Constructor.newInstanceWithCaller(Constructor.java:500) ~[na:na]
	at java.base/java.lang.reflect.Constructor.newInstance(Constructor.java:481) ~[na:na]
	at org.springframework.beans.BeanUtils.instantiateClass(BeanUtils.java:204) ~[spring-beans-5.2.6.RELEASE.jar:5.2.6.RELEASE]
	... 83 common frames omitted
Caused by: java.net.ConnectException: Connection refused: connect
	at java.base/sun.nio.ch.Net.connect0(Native Method) ~[na:na]
	at java.base/sun.nio.ch.Net.connect(Net.java:493) ~[na:na]
	at java.base/sun.nio.ch.Net.connect(Net.java:482) ~[na:na]
	at java.base/sun.nio.ch.NioSocketImpl.connect(NioSocketImpl.java:588) ~[na:na]
	at java.base/java.net.Socket.connect(Socket.java:603) ~[na:na]
	at java.base/java.net.Socket.connect(Socket.java:552) ~[na:na]
	at java.base/sun.net.NetworkClient.doConnect(NetworkClient.java:182) ~[na:na]
	at java.base/sun.net.www.http.HttpClient.openServer(HttpClient.java:474) ~[na:na]
	at java.base/sun.net.www.http.HttpClient.openServer(HttpClient.java:569) ~[na:na]
	at java.base/sun.net.www.http.HttpClient.<init>(HttpClient.java:242) ~[na:na]
	at java.base/sun.net.www.http.HttpClient.New(HttpClient.java:341) ~[na:na]
	at java.base/sun.net.www.http.HttpClient.New(HttpClient.java:362) ~[na:na]
	at java.base/sun.net.www.protocol.http.HttpURLConnection.getNewHttpClient(HttpURLConnection.java:1248) ~[na:na]
	at java.base/sun.net.www.protocol.http.HttpURLConnection.plainConnect0(HttpURLConnection.java:1187) ~[na:na]
	at java.base/sun.net.www.protocol.http.HttpURLConnection.plainConnect(HttpURLConnection.java:1081) ~[na:na]
	at java.base/sun.net.www.protocol.http.HttpURLConnection.connect(HttpURLConnection.java:1015) ~[na:na]
	at org.springframework.http.client.SimpleBufferingClientHttpRequest.executeInternal(SimpleBufferingClientHttpRequest.java:76) ~[spring-web-5.2.6.RELEASE.jar:5.2.6.RELEASE]
	at org.springframework.http.client.AbstractBufferingClientHttpRequest.executeInternal(AbstractBufferingClientHttpRequest.java:48) ~[spring-web-5.2.6.RELEASE.jar:5.2.6.RELEASE]
	at org.springframework.http.client.AbstractClientHttpRequest.execute(AbstractClientHttpRequest.java:53) ~[spring-web-5.2.6.RELEASE.jar:5.2.6.RELEASE]
	at org.springframework.web.client.RestTemplate.doExecute(RestTemplate.java:739) ~[spring-web-5.2.6.RELEASE.jar:5.2.6.RELEASE]
	... 93 common frames omitted

2020-05-15 08:21:33.066  INFO 29772 --- [main] com.app.tgdcc.TgdccApplicationTests      : Starting TgdccApplicationTests on DESKTOP-ANDREAS with PID 29772 (started by admin in C:\Users\admin\IdeaProjects\tgdcc)
2020-05-15 08:21:33.066  INFO 29772 --- [main] com.app.tgdcc.TgdccApplicationTests      : No active profile set, falling back to default profiles: default
2020-05-15 08:21:33.780  INFO 29772 --- [main] o.s.s.concurrent.ThreadPoolTaskExecutor  : Initializing ExecutorService 'applicationTaskExecutor'
2020-05-15 08:21:33.941  INFO 29772 --- [main] com.app.tgdcc.TgdccApplicationTests      : Started TgdccApplicationTests in 1.051 seconds (JVM running for 1.615)
2020-05-15 08:21:34.232  INFO 29772 --- [SpringContextShutdownHook] o.s.s.concurrent.ThreadPoolTaskExecutor  : Shutting down ExecutorService 'applicationTaskExecutor'
2020-05-15 08:28:53.210  INFO 32248 --- [main] com.app.tgdcc.TgdccApplicationTests      : Starting TgdccApplicationTests on DESKTOP-ANDREAS with PID 32248 (started by admin in C:\Users\admin\IdeaProjects\tgdcc)
2020-05-15 08:28:53.211  INFO 32248 --- [main] com.app.tgdcc.TgdccApplicationTests      : No active profile set, falling back to default profiles: default
2020-05-15 08:28:53.943  INFO 32248 --- [main] o.s.s.concurrent.ThreadPoolTaskExecutor  : Initializing ExecutorService 'applicationTaskExecutor'
2020-05-15 08:28:54.106  INFO 32248 --- [main] com.app.tgdcc.TgdccApplicationTests      : Started TgdccApplicationTests in 1.075 seconds (JVM running for 1.663)
2020-05-15 08:28:54.401  INFO 32248 --- [SpringContextShutdownHook] o.s.s.concurrent.ThreadPoolTaskExecutor  : Shutting down ExecutorService 'applicationTaskExecutor'
2020-05-15 08:35:23.566  INFO 20036 --- [main] com.app.tgdcc.TgdccApplicationTests      : Starting TgdccApplicationTests on DESKTOP-ANDREAS with PID 20036 (started by admin in C:\Users\admin\IdeaProjects\tgdcc)
2020-05-15 08:35:23.567  INFO 20036 --- [main] com.app.tgdcc.TgdccApplicationTests      : No active profile set, falling back to default profiles: default
2020-05-15 08:35:24.277  INFO 20036 --- [main] o.s.s.concurrent.ThreadPoolTaskExecutor  : Initializing ExecutorService 'applicationTaskExecutor'
2020-05-15 08:35:24.466  INFO 20036 --- [main] com.app.tgdcc.TgdccApplicationTests      : Started TgdccApplicationTests in 1.075 seconds (JVM running for 1.623)
2020-05-15 08:35:24.756  INFO 20036 --- [SpringContextShutdownHook] o.s.s.concurrent.ThreadPoolTaskExecutor  : Shutting down ExecutorService 'applicationTaskExecutor'
2020-05-15 08:38:24.384  INFO 21364 --- [main] com.app.tgdcc.TgdccApplicationTests      : Starting TgdccApplicationTests on DESKTOP-ANDREAS with PID 21364 (started by admin in C:\Users\admin\IdeaProjects\tgdcc)
2020-05-15 08:38:24.385  INFO 21364 --- [main] com.app.tgdcc.TgdccApplicationTests      : No active profile set, falling back to default profiles: default
2020-05-15 08:38:25.079  INFO 21364 --- [main] o.s.s.concurrent.ThreadPoolTaskExecutor  : Initializing ExecutorService 'applicationTaskExecutor'
2020-05-15 08:38:25.233  INFO 21364 --- [main] com.app.tgdcc.TgdccApplicationTests      : Started TgdccApplicationTests in 1.027 seconds (JVM running for 1.6)
2020-05-15 08:38:25.526  INFO 21364 --- [SpringContextShutdownHook] o.s.s.concurrent.ThreadPoolTaskExecutor  : Shutting down ExecutorService 'applicationTaskExecutor'
2020-05-15 08:46:23.674  INFO 20620 --- [main] com.app.tgdcc.TgdccApplicationTests      : Starting TgdccApplicationTests on DESKTOP-ANDREAS with PID 20620 (started by admin in C:\Users\admin\IdeaProjects\tgdcc)
2020-05-15 08:46:23.675  INFO 20620 --- [main] com.app.tgdcc.TgdccApplicationTests      : No active profile set, falling back to default profiles: default
2020-05-15 08:46:24.388  INFO 20620 --- [main] o.s.s.concurrent.ThreadPoolTaskExecutor  : Initializing ExecutorService 'applicationTaskExecutor'
2020-05-15 08:46:24.557  INFO 20620 --- [main] com.app.tgdcc.TgdccApplicationTests      : Started TgdccApplicationTests in 1.063 seconds (JVM running for 1.639)
2020-05-15 08:46:24.867  INFO 20620 --- [SpringContextShutdownHook] o.s.s.concurrent.ThreadPoolTaskExecutor  : Shutting down ExecutorService 'applicationTaskExecutor'
2020-05-15 08:48:04.782  INFO 62892 --- [main] com.app.tgdcc.TgdccApplicationTests      : Starting TgdccApplicationTests on DESKTOP-ANDREAS with PID 62892 (started by admin in C:\Users\admin\IdeaProjects\tgdcc)
2020-05-15 08:48:04.783  INFO 62892 --- [main] com.app.tgdcc.TgdccApplicationTests      : No active profile set, falling back to default profiles: default
2020-05-15 08:48:05.476  INFO 62892 --- [main] o.s.s.concurrent.ThreadPoolTaskExecutor  : Initializing ExecutorService 'applicationTaskExecutor'
2020-05-15 08:48:05.638  INFO 62892 --- [main] com.app.tgdcc.TgdccApplicationTests      : Started TgdccApplicationTests in 1.05 seconds (JVM running for 1.605)
2020-05-15 08:48:05.938  INFO 62892 --- [SpringContextShutdownHook] o.s.s.concurrent.ThreadPoolTaskExecutor  : Shutting down ExecutorService 'applicationTaskExecutor'
2020-05-15 08:49:55.167  INFO 8332 --- [main] com.app.tgdcc.TgdccApplication           : Starting TgdccApplication on DESKTOP-ANDREAS with PID 8332 (C:\Users\admin\IdeaProjects\tgdcc\target\classes started by admin in C:\Users\admin\IdeaProjects\tgdcc)
2020-05-15 08:49:55.169  INFO 8332 --- [main] com.app.tgdcc.TgdccApplication           : No active profile set, falling back to default profiles: default
2020-05-15 08:49:55.602  INFO 8332 --- [main] o.s.b.w.embedded.tomcat.TomcatWebServer  : Tomcat initialized with port(s): 8055 (http)
2020-05-15 08:49:55.610  INFO 8332 --- [main] o.apache.catalina.core.StandardService   : Starting service [Tomcat]
2020-05-15 08:49:55.610  INFO 8332 --- [main] org.apache.catalina.core.StandardEngine  : Starting Servlet engine: [Apache Tomcat/9.0.34]
2020-05-15 08:49:55.661  INFO 8332 --- [main] o.a.c.c.C.[Tomcat].[localhost].[/]       : Initializing Spring embedded WebApplicationContext
2020-05-15 08:49:55.661  INFO 8332 --- [main] o.s.web.context.ContextLoader            : Root WebApplicationContext: initialization completed in 468 ms
2020-05-15 08:49:55.744  INFO 8332 --- [main] o.s.s.concurrent.ThreadPoolTaskExecutor  : Initializing ExecutorService 'applicationTaskExecutor'
2020-05-15 08:49:56.024  INFO 8332 --- [main] o.s.b.w.embedded.tomcat.TomcatWebServer  : Tomcat started on port(s): 8055 (http) with context path ''
2020-05-15 08:49:56.026  INFO 8332 --- [main] com.app.tgdcc.TgdccApplication           : Started TgdccApplication in 1.05 seconds (JVM running for 1.625)
2020-05-15 08:53:25.045  INFO 1496 --- [main] com.app.tgdcc.TgdccApplication           : Starting TgdccApplication on DESKTOP-ANDREAS with PID 1496 (C:\Users\admin\IdeaProjects\tgdcc\target\classes started by admin in C:\Users\admin\IdeaProjects\tgdcc)
2020-05-15 08:53:25.047  INFO 1496 --- [main] com.app.tgdcc.TgdccApplication           : No active profile set, falling back to default profiles: default
2020-05-15 08:53:25.471  INFO 1496 --- [main] o.s.b.w.embedded.tomcat.TomcatWebServer  : Tomcat initialized with port(s): 8055 (http)
2020-05-15 08:53:25.476  INFO 1496 --- [main] o.apache.catalina.core.StandardService   : Starting service [Tomcat]
2020-05-15 08:53:25.476  INFO 1496 --- [main] org.apache.catalina.core.StandardEngine  : Starting Servlet engine: [Apache Tomcat/9.0.34]
2020-05-15 08:53:25.523  INFO 1496 --- [main] o.a.c.c.C.[Tomcat].[localhost].[/]       : Initializing Spring embedded WebApplicationContext
2020-05-15 08:53:25.524  INFO 1496 --- [main] o.s.web.context.ContextLoader            : Root WebApplicationContext: initialization completed in 455 ms
2020-05-15 08:53:25.603  INFO 1496 --- [main] o.s.s.concurrent.ThreadPoolTaskExecutor  : Initializing ExecutorService 'applicationTaskExecutor'
2020-05-15 08:53:25.883  INFO 1496 --- [main] o.s.b.w.embedded.tomcat.TomcatWebServer  : Tomcat started on port(s): 8055 (http) with context path ''
2020-05-15 08:53:25.886  INFO 1496 --- [main] com.app.tgdcc.TgdccApplication           : Started TgdccApplication in 1.03 seconds (JVM running for 1.55)
2020-05-15 08:53:53.697  INFO 27252 --- [main] com.app.tgdcc.TgdccApplication           : Starting TgdccApplication on DESKTOP-ANDREAS with PID 27252 (C:\Users\admin\IdeaProjects\tgdcc\target\classes started by admin in C:\Users\admin\IdeaProjects\tgdcc)
2020-05-15 08:53:53.699  INFO 27252 --- [main] com.app.tgdcc.TgdccApplication           : No active profile set, falling back to default profiles: default
2020-05-15 08:53:54.124  INFO 27252 --- [main] o.s.b.w.embedded.tomcat.TomcatWebServer  : Tomcat initialized with port(s): 8055 (http)
2020-05-15 08:53:54.130  INFO 27252 --- [main] o.apache.catalina.core.StandardService   : Starting service [Tomcat]
2020-05-15 08:53:54.131  INFO 27252 --- [main] org.apache.catalina.core.StandardEngine  : Starting Servlet engine: [Apache Tomcat/9.0.34]
2020-05-15 08:53:54.181  INFO 27252 --- [main] o.a.c.c.C.[Tomcat].[localhost].[/]       : Initializing Spring embedded WebApplicationContext
2020-05-15 08:53:54.181  INFO 27252 --- [main] o.s.web.context.ContextLoader            : Root WebApplicationContext: initialization completed in 461 ms
2020-05-15 08:53:54.266  INFO 27252 --- [main] o.s.s.concurrent.ThreadPoolTaskExecutor  : Initializing ExecutorService 'applicationTaskExecutor'
2020-05-15 08:53:54.551  INFO 27252 --- [main] o.s.b.w.embedded.tomcat.TomcatWebServer  : Tomcat started on port(s): 8055 (http) with context path ''
2020-05-15 08:53:54.553  INFO 27252 --- [main] com.app.tgdcc.TgdccApplication           : Started TgdccApplication in 1.032 seconds (JVM running for 1.575)
2020-05-15 08:58:53.591  INFO 59520 --- [main] com.app.tgdcc.TgdccApplication           : Starting TgdccApplication on DESKTOP-ANDREAS with PID 59520 (C:\Users\admin\IdeaProjects\tgdcc\target\classes started by admin in C:\Users\admin\IdeaProjects\tgdcc)
2020-05-15 08:58:53.592  INFO 59520 --- [main] com.app.tgdcc.TgdccApplication           : No active profile set, falling back to default profiles: default
2020-05-15 08:58:54.030  INFO 59520 --- [main] o.s.b.w.embedded.tomcat.TomcatWebServer  : Tomcat initialized with port(s): 8055 (http)
2020-05-15 08:58:54.035  INFO 59520 --- [main] o.apache.catalina.core.StandardService   : Starting service [Tomcat]
2020-05-15 08:58:54.035  INFO 59520 --- [main] org.apache.catalina.core.StandardEngine  : Starting Servlet engine: [Apache Tomcat/9.0.34]
2020-05-15 08:58:54.085  INFO 59520 --- [main] o.a.c.c.C.[Tomcat].[localhost].[/]       : Initializing Spring embedded WebApplicationContext
2020-05-15 08:58:54.085  INFO 59520 --- [main] o.s.web.context.ContextLoader            : Root WebApplicationContext: initialization completed in 471 ms
2020-05-15 08:58:54.185  INFO 59520 --- [main] o.s.s.concurrent.ThreadPoolTaskExecutor  : Initializing ExecutorService 'applicationTaskExecutor'
2020-05-15 08:58:54.493  INFO 59520 --- [main] o.s.b.w.embedded.tomcat.TomcatWebServer  : Tomcat started on port(s): 8055 (http) with context path ''
2020-05-15 08:58:54.495  INFO 59520 --- [main] com.app.tgdcc.TgdccApplication           : Started TgdccApplication in 1.088 seconds (JVM running for 1.622)
2020-05-15 08:59:21.580  INFO 50320 --- [main] com.app.tgdcc.TgdccApplication           : Starting TgdccApplication on DESKTOP-ANDREAS with PID 50320 (C:\Users\admin\IdeaProjects\tgdcc\target\classes started by admin in C:\Users\admin\IdeaProjects\tgdcc)
2020-05-15 08:59:21.582  INFO 50320 --- [main] com.app.tgdcc.TgdccApplication           : No active profile set, falling back to default profiles: default
2020-05-15 08:59:22.021  INFO 50320 --- [main] o.s.b.w.embedded.tomcat.TomcatWebServer  : Tomcat initialized with port(s): 8055 (http)
2020-05-15 08:59:22.026  INFO 50320 --- [main] o.apache.catalina.core.StandardService   : Starting service [Tomcat]
2020-05-15 08:59:22.027  INFO 50320 --- [main] org.apache.catalina.core.StandardEngine  : Starting Servlet engine: [Apache Tomcat/9.0.34]
2020-05-15 08:59:22.074  INFO 50320 --- [main] o.a.c.c.C.[Tomcat].[localhost].[/]       : Initializing Spring embedded WebApplicationContext
2020-05-15 08:59:22.074  INFO 50320 --- [main] o.s.web.context.ContextLoader            : Root WebApplicationContext: initialization completed in 467 ms
2020-05-15 08:59:22.159  INFO 50320 --- [main] o.s.s.concurrent.ThreadPoolTaskExecutor  : Initializing ExecutorService 'applicationTaskExecutor'
2020-05-15 08:59:22.447  INFO 50320 --- [main] o.s.b.w.embedded.tomcat.TomcatWebServer  : Tomcat started on port(s): 8055 (http) with context path ''
2020-05-15 08:59:22.450  INFO 50320 --- [main] com.app.tgdcc.TgdccApplication           : Started TgdccApplication in 1.046 seconds (JVM running for 1.592)
2020-05-15 08:59:41.290  INFO 43160 --- [main] com.app.tgdcc.TgdccApplication           : Starting TgdccApplication on DESKTOP-ANDREAS with PID 43160 (C:\Users\admin\IdeaProjects\tgdcc\target\classes started by admin in C:\Users\admin\IdeaProjects\tgdcc)
2020-05-15 08:59:41.292  INFO 43160 --- [main] com.app.tgdcc.TgdccApplication           : No active profile set, falling back to default profiles: default
2020-05-15 08:59:41.742  INFO 43160 --- [main] o.s.b.w.embedded.tomcat.TomcatWebServer  : Tomcat initialized with port(s): 8055 (http)
2020-05-15 08:59:41.747  INFO 43160 --- [main] o.apache.catalina.core.StandardService   : Starting service [Tomcat]
2020-05-15 08:59:41.747  INFO 43160 --- [main] org.apache.catalina.core.StandardEngine  : Starting Servlet engine: [Apache Tomcat/9.0.34]
2020-05-15 08:59:41.794  INFO 43160 --- [main] o.a.c.c.C.[Tomcat].[localhost].[/]       : Initializing Spring embedded WebApplicationContext
2020-05-15 08:59:41.795  INFO 43160 --- [main] o.s.web.context.ContextLoader            : Root WebApplicationContext: initialization completed in 478 ms
2020-05-15 08:59:41.892  INFO 43160 --- [main] o.s.s.concurrent.ThreadPoolTaskExecutor  : Initializing ExecutorService 'applicationTaskExecutor'
2020-05-15 08:59:42.174  INFO 43160 --- [main] o.s.b.w.embedded.tomcat.TomcatWebServer  : Tomcat started on port(s): 8055 (http) with context path ''
2020-05-15 08:59:42.176  INFO 43160 --- [main] com.app.tgdcc.TgdccApplication           : Started TgdccApplication in 1.064 seconds (JVM running for 1.615)
2020-05-15 08:59:58.351  INFO 22460 --- [main] com.app.tgdcc.TgdccApplication           : Starting TgdccApplication on DESKTOP-ANDREAS with PID 22460 (C:\Users\admin\IdeaProjects\tgdcc\target\classes started by admin in C:\Users\admin\IdeaProjects\tgdcc)
2020-05-15 08:59:58.353  INFO 22460 --- [main] com.app.tgdcc.TgdccApplication           : No active profile set, falling back to default profiles: default
2020-05-15 08:59:58.779  INFO 22460 --- [main] o.s.b.w.embedded.tomcat.TomcatWebServer  : Tomcat initialized with port(s): 8055 (http)
2020-05-15 08:59:58.784  INFO 22460 --- [main] o.apache.catalina.core.StandardService   : Starting service [Tomcat]
2020-05-15 08:59:58.784  INFO 22460 --- [main] org.apache.catalina.core.StandardEngine  : Starting Servlet engine: [Apache Tomcat/9.0.34]
2020-05-15 08:59:58.835  INFO 22460 --- [main] o.a.c.c.C.[Tomcat].[localhost].[/]       : Initializing Spring embedded WebApplicationContext
2020-05-15 08:59:58.835  INFO 22460 --- [main] o.s.web.context.ContextLoader            : Root WebApplicationContext: initialization completed in 457 ms
2020-05-15 08:59:58.923  INFO 22460 --- [main] o.s.s.concurrent.ThreadPoolTaskExecutor  : Initializing ExecutorService 'applicationTaskExecutor'
2020-05-15 08:59:59.203  INFO 22460 --- [main] o.s.b.w.embedded.tomcat.TomcatWebServer  : Tomcat started on port(s): 8055 (http) with context path ''
2020-05-15 08:59:59.208  INFO 22460 --- [main] com.app.tgdcc.TgdccApplication           : Started TgdccApplication in 1.036 seconds (JVM running for 1.601)
2020-05-15 09:00:13.861  INFO 36168 --- [main] com.app.tgdcc.TgdccApplication           : Starting TgdccApplication on DESKTOP-ANDREAS with PID 36168 (C:\Users\admin\IdeaProjects\tgdcc\target\classes started by admin in C:\Users\admin\IdeaProjects\tgdcc)
2020-05-15 09:00:13.863  INFO 36168 --- [main] com.app.tgdcc.TgdccApplication           : No active profile set, falling back to default profiles: default
2020-05-15 09:00:14.284  INFO 36168 --- [main] o.s.b.w.embedded.tomcat.TomcatWebServer  : Tomcat initialized with port(s): 8055 (http)
2020-05-15 09:00:14.289  INFO 36168 --- [main] o.apache.catalina.core.StandardService   : Starting service [Tomcat]
2020-05-15 09:00:14.289  INFO 36168 --- [main] org.apache.catalina.core.StandardEngine  : Starting Servlet engine: [Apache Tomcat/9.0.34]
2020-05-15 09:00:14.338  INFO 36168 --- [main] o.a.c.c.C.[Tomcat].[localhost].[/]       : Initializing Spring embedded WebApplicationContext
2020-05-15 09:00:14.338  INFO 36168 --- [main] o.s.web.context.ContextLoader            : Root WebApplicationContext: initialization completed in 453 ms
2020-05-15 09:00:14.427  INFO 36168 --- [main] o.s.s.concurrent.ThreadPoolTaskExecutor  : Initializing ExecutorService 'applicationTaskExecutor'
2020-05-15 09:00:14.710  INFO 36168 --- [main] o.s.b.w.embedded.tomcat.TomcatWebServer  : Tomcat started on port(s): 8055 (http) with context path ''
2020-05-15 09:00:14.712  INFO 36168 --- [main] com.app.tgdcc.TgdccApplication           : Started TgdccApplication in 1.031 seconds (JVM running for 1.577)
2020-05-15 09:00:35.111  INFO 47564 --- [main] com.app.tgdcc.TgdccApplication           : Starting TgdccApplication on DESKTOP-ANDREAS with PID 47564 (C:\Users\admin\IdeaProjects\tgdcc\target\classes started by admin in C:\Users\admin\IdeaProjects\tgdcc)
2020-05-15 09:00:35.112  INFO 47564 --- [main] com.app.tgdcc.TgdccApplication           : No active profile set, falling back to default profiles: default
2020-05-15 09:00:35.551  INFO 47564 --- [main] o.s.b.w.embedded.tomcat.TomcatWebServer  : Tomcat initialized with port(s): 8055 (http)
2020-05-15 09:00:35.556  INFO 47564 --- [main] o.apache.catalina.core.StandardService   : Starting service [Tomcat]
2020-05-15 09:00:35.557  INFO 47564 --- [main] org.apache.catalina.core.StandardEngine  : Starting Servlet engine: [Apache Tomcat/9.0.34]
2020-05-15 09:00:35.604  INFO 47564 --- [main] o.a.c.c.C.[Tomcat].[localhost].[/]       : Initializing Spring embedded WebApplicationContext
2020-05-15 09:00:35.604  INFO 47564 --- [main] o.s.web.context.ContextLoader            : Root WebApplicationContext: initialization completed in 466 ms
2020-05-15 09:00:35.689  INFO 47564 --- [main] o.s.s.concurrent.ThreadPoolTaskExecutor  : Initializing ExecutorService 'applicationTaskExecutor'
2020-05-15 09:00:35.974  INFO 47564 --- [main] o.s.b.w.embedded.tomcat.TomcatWebServer  : Tomcat started on port(s): 8055 (http) with context path ''
2020-05-15 09:00:35.976  INFO 47564 --- [main] com.app.tgdcc.TgdccApplication           : Started TgdccApplication in 1.047 seconds (JVM running for 1.585)
2020-05-15 09:00:57.307  INFO 2800 --- [main] com.app.tgdcc.TgdccApplication           : Starting TgdccApplication on DESKTOP-ANDREAS with PID 2800 (C:\Users\admin\IdeaProjects\tgdcc\target\classes started by admin in C:\Users\admin\IdeaProjects\tgdcc)
2020-05-15 09:00:57.308  INFO 2800 --- [main] com.app.tgdcc.TgdccApplication           : No active profile set, falling back to default profiles: default
2020-05-15 09:00:57.735  INFO 2800 --- [main] o.s.b.w.embedded.tomcat.TomcatWebServer  : Tomcat initialized with port(s): 8055 (http)
2020-05-15 09:00:57.739  INFO 2800 --- [main] o.apache.catalina.core.StandardService   : Starting service [Tomcat]
2020-05-15 09:00:57.740  INFO 2800 --- [main] org.apache.catalina.core.StandardEngine  : Starting Servlet engine: [Apache Tomcat/9.0.34]
2020-05-15 09:00:57.788  INFO 2800 --- [main] o.a.c.c.C.[Tomcat].[localhost].[/]       : Initializing Spring embedded WebApplicationContext
2020-05-15 09:00:57.789  INFO 2800 --- [main] o.s.web.context.ContextLoader            : Root WebApplicationContext: initialization completed in 460 ms
2020-05-15 09:00:57.872  INFO 2800 --- [main] o.s.s.concurrent.ThreadPoolTaskExecutor  : Initializing ExecutorService 'applicationTaskExecutor'
2020-05-15 09:00:58.151  INFO 2800 --- [main] o.s.b.w.embedded.tomcat.TomcatWebServer  : Tomcat started on port(s): 8055 (http) with context path ''
2020-05-15 09:00:58.154  INFO 2800 --- [main] com.app.tgdcc.TgdccApplication           : Started TgdccApplication in 1.031 seconds (JVM running for 1.551)
2020-05-15 09:06:53.105  INFO 41908 --- [main] com.app.tgdcc.TgdccApplication           : Starting TgdccApplication on DESKTOP-ANDREAS with PID 41908 (C:\Users\admin\IdeaProjects\tgdcc\target\classes started by admin in C:\Users\admin\IdeaProjects\tgdcc)
2020-05-15 09:06:53.106  INFO 41908 --- [main] com.app.tgdcc.TgdccApplication           : No active profile set, falling back to default profiles: default
2020-05-15 09:06:53.541  INFO 41908 --- [main] o.s.b.w.embedded.tomcat.TomcatWebServer  : Tomcat initialized with port(s): 8055 (http)
2020-05-15 09:06:53.546  INFO 41908 --- [main] o.apache.catalina.core.StandardService   : Starting service [Tomcat]
2020-05-15 09:06:53.546  INFO 41908 --- [main] org.apache.catalina.core.StandardEngine  : Starting Servlet engine: [Apache Tomcat/9.0.34]
2020-05-15 09:06:53.594  INFO 41908 --- [main] o.a.c.c.C.[Tomcat].[localhost].[/]       : Initializing Spring embedded WebApplicationContext
2020-05-15 09:06:53.594  INFO 41908 --- [main] o.s.web.context.ContextLoader            : Root WebApplicationContext: initialization completed in 466 ms
2020-05-15 09:06:53.675  INFO 41908 --- [main] o.s.s.concurrent.ThreadPoolTaskExecutor  : Initializing ExecutorService 'applicationTaskExecutor'
2020-05-15 09:06:53.957  INFO 41908 --- [main] o.s.b.w.embedded.tomcat.TomcatWebServer  : Tomcat started on port(s): 8055 (http) with context path ''
2020-05-15 09:06:53.959  INFO 41908 --- [main] com.app.tgdcc.TgdccApplication           : Started TgdccApplication in 1.023 seconds (JVM running for 1.562)
2020-05-15 09:07:18.057  INFO 61800 --- [main] com.app.tgdcc.TgdccApplication           : Starting TgdccApplication on DESKTOP-ANDREAS with PID 61800 (C:\Users\admin\IdeaProjects\tgdcc\target\classes started by admin in C:\Users\admin\IdeaProjects\tgdcc)
2020-05-15 09:07:18.058  INFO 61800 --- [main] com.app.tgdcc.TgdccApplication           : No active profile set, falling back to default profiles: default
2020-05-15 09:07:18.467  INFO 61800 --- [main] o.s.b.w.embedded.tomcat.TomcatWebServer  : Tomcat initialized with port(s): 8055 (http)
2020-05-15 09:07:18.472  INFO 61800 --- [main] o.apache.catalina.core.StandardService   : Starting service [Tomcat]
2020-05-15 09:07:18.472  INFO 61800 --- [main] org.apache.catalina.core.StandardEngine  : Starting Servlet engine: [Apache Tomcat/9.0.34]
2020-05-15 09:07:18.524  INFO 61800 --- [main] o.a.c.c.C.[Tomcat].[localhost].[/]       : Initializing Spring embedded WebApplicationContext
2020-05-15 09:07:18.525  INFO 61800 --- [main] o.s.web.context.ContextLoader            : Root WebApplicationContext: initialization completed in 441 ms
2020-05-15 09:07:18.613  INFO 61800 --- [main] o.s.s.concurrent.ThreadPoolTaskExecutor  : Initializing ExecutorService 'applicationTaskExecutor'
2020-05-15 09:07:18.907  INFO 61800 --- [main] o.s.b.w.embedded.tomcat.TomcatWebServer  : Tomcat started on port(s): 8055 (http) with context path ''
2020-05-15 09:07:18.910  INFO 61800 --- [main] com.app.tgdcc.TgdccApplication           : Started TgdccApplication in 1.027 seconds (JVM running for 1.589)
2020-05-15 09:13:33.776  INFO 49692 --- [main] com.app.tgdcc.TgdccApplication           : Starting TgdccApplication on DESKTOP-ANDREAS with PID 49692 (C:\Users\admin\IdeaProjects\tgdcc\target\classes started by admin in C:\Users\admin\IdeaProjects\tgdcc)
2020-05-15 09:13:33.778  INFO 49692 --- [main] com.app.tgdcc.TgdccApplication           : No active profile set, falling back to default profiles: default
2020-05-15 09:13:34.231  INFO 49692 --- [main] o.s.b.w.embedded.tomcat.TomcatWebServer  : Tomcat initialized with port(s): 8055 (http)
2020-05-15 09:13:34.236  INFO 49692 --- [main] o.apache.catalina.core.StandardService   : Starting service [Tomcat]
2020-05-15 09:13:34.236  INFO 49692 --- [main] org.apache.catalina.core.StandardEngine  : Starting Servlet engine: [Apache Tomcat/9.0.34]
2020-05-15 09:13:34.283  INFO 49692 --- [main] o.a.c.c.C.[Tomcat].[localhost].[/]       : Initializing Spring embedded WebApplicationContext
2020-05-15 09:13:34.283  INFO 49692 --- [main] o.s.web.context.ContextLoader            : Root WebApplicationContext: initialization completed in 482 ms
2020-05-15 09:13:34.370  INFO 49692 --- [main] o.s.s.concurrent.ThreadPoolTaskExecutor  : Initializing ExecutorService 'applicationTaskExecutor'
2020-05-15 09:13:34.658  INFO 49692 --- [main] o.s.b.w.embedded.tomcat.TomcatWebServer  : Tomcat started on port(s): 8055 (http) with context path ''
2020-05-15 09:13:34.660  INFO 49692 --- [main] com.app.tgdcc.TgdccApplication           : Started TgdccApplication in 1.054 seconds (JVM running for 1.621)
2020-05-15 09:15:38.906  INFO 59768 --- [main] com.app.tgdcc.TgdccApplication           : Starting TgdccApplication on DESKTOP-ANDREAS with PID 59768 (C:\Users\admin\IdeaProjects\tgdcc\target\classes started by admin in C:\Users\admin\IdeaProjects\tgdcc)
2020-05-15 09:15:38.907  INFO 59768 --- [main] com.app.tgdcc.TgdccApplication           : No active profile set, falling back to default profiles: default
2020-05-15 09:15:39.323  INFO 59768 --- [main] o.s.b.w.embedded.tomcat.TomcatWebServer  : Tomcat initialized with port(s): 8055 (http)
2020-05-15 09:15:39.328  INFO 59768 --- [main] o.apache.catalina.core.StandardService   : Starting service [Tomcat]
2020-05-15 09:15:39.328  INFO 59768 --- [main] org.apache.catalina.core.StandardEngine  : Starting Servlet engine: [Apache Tomcat/9.0.34]
2020-05-15 09:15:39.377  INFO 59768 --- [main] o.a.c.c.C.[Tomcat].[localhost].[/]       : Initializing Spring embedded WebApplicationContext
2020-05-15 09:15:39.377  INFO 59768 --- [main] o.s.web.context.ContextLoader            : Root WebApplicationContext: initialization completed in 446 ms
2020-05-15 09:15:39.467  INFO 59768 --- [main] o.s.s.concurrent.ThreadPoolTaskExecutor  : Initializing ExecutorService 'applicationTaskExecutor'
2020-05-15 09:15:39.748  INFO 59768 --- [main] o.s.b.w.embedded.tomcat.TomcatWebServer  : Tomcat started on port(s): 8055 (http) with context path ''
2020-05-15 09:15:39.751  INFO 59768 --- [main] com.app.tgdcc.TgdccApplication           : Started TgdccApplication in 1.016 seconds (JVM running for 1.552)
2020-05-15 09:32:27.664  INFO 60648 --- [main] com.app.tgdcc.TgdccApplication           : Starting TgdccApplication on DESKTOP-ANDREAS with PID 60648 (C:\Users\admin\IdeaProjects\tgdcc\target\classes started by admin in C:\Users\admin\IdeaProjects\tgdcc)
2020-05-15 09:32:27.666  INFO 60648 --- [main] com.app.tgdcc.TgdccApplication           : No active profile set, falling back to default profiles: default
2020-05-15 09:32:28.103  INFO 60648 --- [main] o.s.b.w.embedded.tomcat.TomcatWebServer  : Tomcat initialized with port(s): 8055 (http)
2020-05-15 09:32:28.108  INFO 60648 --- [main] o.apache.catalina.core.StandardService   : Starting service [Tomcat]
2020-05-15 09:32:28.108  INFO 60648 --- [main] org.apache.catalina.core.StandardEngine  : Starting Servlet engine: [Apache Tomcat/9.0.34]
2020-05-15 09:32:28.155  INFO 60648 --- [main] o.a.c.c.C.[Tomcat].[localhost].[/]       : Initializing Spring embedded WebApplicationContext
2020-05-15 09:32:28.156  INFO 60648 --- [main] o.s.web.context.ContextLoader            : Root WebApplicationContext: initialization completed in 465 ms
2020-05-15 09:32:28.238  INFO 60648 --- [main] o.s.s.concurrent.ThreadPoolTaskExecutor  : Initializing ExecutorService 'applicationTaskExecutor'
2020-05-15 09:32:28.517  INFO 60648 --- [main] o.s.b.w.embedded.tomcat.TomcatWebServer  : Tomcat started on port(s): 8055 (http) with context path ''
2020-05-15 09:32:28.520  INFO 60648 --- [main] com.app.tgdcc.TgdccApplication           : Started TgdccApplication in 1.035 seconds (JVM running for 1.553)
2020-05-15 09:33:06.637  INFO 25968 --- [main] com.app.tgdcc.TgdccApplication           : Starting TgdccApplication on DESKTOP-ANDREAS with PID 25968 (C:\Users\admin\IdeaProjects\tgdcc\target\classes started by admin in C:\Users\admin\IdeaProjects\tgdcc)
2020-05-15 09:33:06.638  INFO 25968 --- [main] com.app.tgdcc.TgdccApplication           : No active profile set, falling back to default profiles: default
2020-05-15 09:33:07.059  INFO 25968 --- [main] o.s.b.w.embedded.tomcat.TomcatWebServer  : Tomcat initialized with port(s): 8055 (http)
2020-05-15 09:33:07.063  INFO 25968 --- [main] o.apache.catalina.core.StandardService   : Starting service [Tomcat]
2020-05-15 09:33:07.064  INFO 25968 --- [main] org.apache.catalina.core.StandardEngine  : Starting Servlet engine: [Apache Tomcat/9.0.34]
2020-05-15 09:33:07.110  INFO 25968 --- [main] o.a.c.c.C.[Tomcat].[localhost].[/]       : Initializing Spring embedded WebApplicationContext
2020-05-15 09:33:07.110  INFO 25968 --- [main] o.s.web.context.ContextLoader            : Root WebApplicationContext: initialization completed in 451 ms
2020-05-15 09:33:07.188  INFO 25968 --- [main] o.s.s.concurrent.ThreadPoolTaskExecutor  : Initializing ExecutorService 'applicationTaskExecutor'
2020-05-15 09:33:07.475  INFO 25968 --- [main] o.s.b.w.embedded.tomcat.TomcatWebServer  : Tomcat started on port(s): 8055 (http) with context path ''
2020-05-15 09:33:07.477  INFO 25968 --- [main] com.app.tgdcc.TgdccApplication           : Started TgdccApplication in 1.013 seconds (JVM running for 1.564)
2020-05-15 09:33:18.264  INFO 50328 --- [main] com.app.tgdcc.TgdccApplication           : Starting TgdccApplication on DESKTOP-ANDREAS with PID 50328 (C:\Users\admin\IdeaProjects\tgdcc\target\classes started by admin in C:\Users\admin\IdeaProjects\tgdcc)
2020-05-15 09:33:18.266  INFO 50328 --- [main] com.app.tgdcc.TgdccApplication           : No active profile set, falling back to default profiles: default
2020-05-15 09:33:18.681  INFO 50328 --- [main] o.s.b.w.embedded.tomcat.TomcatWebServer  : Tomcat initialized with port(s): 8055 (http)
2020-05-15 09:33:18.687  INFO 50328 --- [main] o.apache.catalina.core.StandardService   : Starting service [Tomcat]
2020-05-15 09:33:18.687  INFO 50328 --- [main] org.apache.catalina.core.StandardEngine  : Starting Servlet engine: [Apache Tomcat/9.0.34]
2020-05-15 09:33:18.735  INFO 50328 --- [main] o.a.c.c.C.[Tomcat].[localhost].[/]       : Initializing Spring embedded WebApplicationContext
2020-05-15 09:33:18.735  INFO 50328 --- [main] o.s.web.context.ContextLoader            : Root WebApplicationContext: initialization completed in 448 ms
2020-05-15 09:33:18.815  INFO 50328 --- [main] o.s.s.concurrent.ThreadPoolTaskExecutor  : Initializing ExecutorService 'applicationTaskExecutor'
2020-05-15 09:33:19.109  INFO 50328 --- [main] o.s.b.w.embedded.tomcat.TomcatWebServer  : Tomcat started on port(s): 8055 (http) with context path ''
2020-05-15 09:33:19.111  INFO 50328 --- [main] com.app.tgdcc.TgdccApplication           : Started TgdccApplication in 1.023 seconds (JVM running for 1.551)
2020-05-15 09:33:47.704  INFO 26732 --- [main] com.app.tgdcc.TgdccApplication           : Starting TgdccApplication on DESKTOP-ANDREAS with PID 26732 (C:\Users\admin\IdeaProjects\tgdcc\target\classes started by admin in C:\Users\admin\IdeaProjects\tgdcc)
2020-05-15 09:33:47.706  INFO 26732 --- [main] com.app.tgdcc.TgdccApplication           : No active profile set, falling back to default profiles: default
2020-05-15 09:33:48.121  INFO 26732 --- [main] o.s.b.w.embedded.tomcat.TomcatWebServer  : Tomcat initialized with port(s): 8055 (http)
2020-05-15 09:33:48.126  INFO 26732 --- [main] o.apache.catalina.core.StandardService   : Starting service [Tomcat]
2020-05-15 09:33:48.126  INFO 26732 --- [main] org.apache.catalina.core.StandardEngine  : Starting Servlet engine: [Apache Tomcat/9.0.34]
2020-05-15 09:33:48.174  INFO 26732 --- [main] o.a.c.c.C.[Tomcat].[localhost].[/]       : Initializing Spring embedded WebApplicationContext
2020-05-15 09:33:48.174  INFO 26732 --- [main] o.s.web.context.ContextLoader            : Root WebApplicationContext: initialization completed in 441 ms
2020-05-15 09:33:48.258  INFO 26732 --- [main] o.s.s.concurrent.ThreadPoolTaskExecutor  : Initializing ExecutorService 'applicationTaskExecutor'
2020-05-15 09:33:48.545  INFO 26732 --- [main] o.s.b.w.embedded.tomcat.TomcatWebServer  : Tomcat started on port(s): 8055 (http) with context path ''
2020-05-15 09:33:48.548  INFO 26732 --- [main] com.app.tgdcc.TgdccApplication           : Started TgdccApplication in 1.02 seconds (JVM running for 1.545)
2020-05-15 09:36:29.197  INFO 50052 --- [main] com.app.tgdcc.TgdccApplication           : Starting TgdccApplication on DESKTOP-ANDREAS with PID 50052 (C:\Users\admin\IdeaProjects\tgdcc\target\classes started by admin in C:\Users\admin\IdeaProjects\tgdcc)
2020-05-15 09:36:29.199  INFO 50052 --- [main] com.app.tgdcc.TgdccApplication           : No active profile set, falling back to default profiles: default
2020-05-15 09:36:29.622  INFO 50052 --- [main] o.s.b.w.embedded.tomcat.TomcatWebServer  : Tomcat initialized with port(s): 8055 (http)
2020-05-15 09:36:29.627  INFO 50052 --- [main] o.apache.catalina.core.StandardService   : Starting service [Tomcat]
2020-05-15 09:36:29.627  INFO 50052 --- [main] org.apache.catalina.core.StandardEngine  : Starting Servlet engine: [Apache Tomcat/9.0.34]
2020-05-15 09:36:29.674  INFO 50052 --- [main] o.a.c.c.C.[Tomcat].[localhost].[/]       : Initializing Spring embedded WebApplicationContext
2020-05-15 09:36:29.674  INFO 50052 --- [main] o.s.web.context.ContextLoader            : Root WebApplicationContext: initialization completed in 446 ms
2020-05-15 09:36:29.762  INFO 50052 --- [main] o.s.s.concurrent.ThreadPoolTaskExecutor  : Initializing ExecutorService 'applicationTaskExecutor'
2020-05-15 09:36:30.041  INFO 50052 --- [main] o.s.b.w.embedded.tomcat.TomcatWebServer  : Tomcat started on port(s): 8055 (http) with context path ''
2020-05-15 09:36:30.043  INFO 50052 --- [main] com.app.tgdcc.TgdccApplication           : Started TgdccApplication in 1.049 seconds (JVM running for 1.581)
2020-05-15 09:44:59.999  INFO 1680 --- [main] com.app.tgdcc.TgdccApplication           : Starting TgdccApplication on DESKTOP-ANDREAS with PID 1680 (C:\Users\admin\IdeaProjects\tgdcc\target\classes started by admin in C:\Users\admin\IdeaProjects\tgdcc)
2020-05-15 09:45:00.001  INFO 1680 --- [main] com.app.tgdcc.TgdccApplication           : No active profile set, falling back to default profiles: default
2020-05-15 09:45:00.417  INFO 1680 --- [main] o.s.b.w.embedded.tomcat.TomcatWebServer  : Tomcat initialized with port(s): 8055 (http)
2020-05-15 09:45:00.422  INFO 1680 --- [main] o.apache.catalina.core.StandardService   : Starting service [Tomcat]
2020-05-15 09:45:00.422  INFO 1680 --- [main] org.apache.catalina.core.StandardEngine  : Starting Servlet engine: [Apache Tomcat/9.0.34]
2020-05-15 09:45:00.471  INFO 1680 --- [main] o.a.c.c.C.[Tomcat].[localhost].[/]       : Initializing Spring embedded WebApplicationContext
2020-05-15 09:45:00.471  INFO 1680 --- [main] o.s.web.context.ContextLoader            : Root WebApplicationContext: initialization completed in 446 ms
2020-05-15 09:45:00.551  INFO 1680 --- [main] o.s.s.concurrent.ThreadPoolTaskExecutor  : Initializing ExecutorService 'applicationTaskExecutor'
2020-05-15 09:45:00.829  INFO 1680 --- [main] o.s.b.w.embedded.tomcat.TomcatWebServer  : Tomcat started on port(s): 8055 (http) with context path ''
2020-05-15 09:45:00.832  INFO 1680 --- [main] com.app.tgdcc.TgdccApplication           : Started TgdccApplication in 1.01 seconds (JVM running for 1.548)
2020-05-15 09:48:48.603  INFO 20516 --- [main] com.app.tgdcc.TgdccApplication           : Starting TgdccApplication on DESKTOP-ANDREAS with PID 20516 (C:\Users\admin\IdeaProjects\tgdcc\target\classes started by admin in C:\Users\admin\IdeaProjects\tgdcc)
2020-05-15 09:48:48.605  INFO 20516 --- [main] com.app.tgdcc.TgdccApplication           : No active profile set, falling back to default profiles: default
2020-05-15 09:48:49.019  INFO 20516 --- [main] o.s.b.w.embedded.tomcat.TomcatWebServer  : Tomcat initialized with port(s): 8055 (http)
2020-05-15 09:48:49.024  INFO 20516 --- [main] o.apache.catalina.core.StandardService   : Starting service [Tomcat]
2020-05-15 09:48:49.024  INFO 20516 --- [main] org.apache.catalina.core.StandardEngine  : Starting Servlet engine: [Apache Tomcat/9.0.34]
2020-05-15 09:48:49.070  INFO 20516 --- [main] o.a.c.c.C.[Tomcat].[localhost].[/]       : Initializing Spring embedded WebApplicationContext
2020-05-15 09:48:49.071  INFO 20516 --- [main] o.s.web.context.ContextLoader            : Root WebApplicationContext: initialization completed in 443 ms
2020-05-15 09:48:49.152  INFO 20516 --- [main] o.s.s.concurrent.ThreadPoolTaskExecutor  : Initializing ExecutorService 'applicationTaskExecutor'
2020-05-15 09:48:49.432  INFO 20516 --- [main] o.s.b.w.embedded.tomcat.TomcatWebServer  : Tomcat started on port(s): 8055 (http) with context path ''
2020-05-15 09:48:49.434  INFO 20516 --- [main] com.app.tgdcc.TgdccApplication           : Started TgdccApplication in 1.012 seconds (JVM running for 1.555)
2020-05-15 09:57:54.972  INFO 50204 --- [main] com.app.tgdcc.TgdccApplication           : Starting TgdccApplication on DESKTOP-ANDREAS with PID 50204 (C:\Users\admin\IdeaProjects\tgdcc\target\classes started by admin in C:\Users\admin\IdeaProjects\tgdcc)
2020-05-15 09:57:54.973  INFO 50204 --- [main] com.app.tgdcc.TgdccApplication           : No active profile set, falling back to default profiles: default
2020-05-15 09:57:55.393  INFO 50204 --- [main] o.s.b.w.embedded.tomcat.TomcatWebServer  : Tomcat initialized with port(s): 8055 (http)
2020-05-15 09:57:55.398  INFO 50204 --- [main] o.apache.catalina.core.StandardService   : Starting service [Tomcat]
2020-05-15 09:57:55.398  INFO 50204 --- [main] org.apache.catalina.core.StandardEngine  : Starting Servlet engine: [Apache Tomcat/9.0.34]
2020-05-15 09:57:55.445  INFO 50204 --- [main] o.a.c.c.C.[Tomcat].[localhost].[/]       : Initializing Spring embedded WebApplicationContext
2020-05-15 09:57:55.446  INFO 50204 --- [main] o.s.web.context.ContextLoader            : Root WebApplicationContext: initialization completed in 448 ms
2020-05-15 09:57:55.532  INFO 50204 --- [main] o.s.s.concurrent.ThreadPoolTaskExecutor  : Initializing ExecutorService 'applicationTaskExecutor'
2020-05-15 09:57:55.817  INFO 50204 --- [main] o.s.b.w.embedded.tomcat.TomcatWebServer  : Tomcat started on port(s): 8055 (http) with context path ''
2020-05-15 09:57:55.819  INFO 50204 --- [main] com.app.tgdcc.TgdccApplication           : Started TgdccApplication in 1.018 seconds (JVM running for 1.559)
